cairo_ft_synthesize_bold
cairo_ft_synthesize_oblique
cairo_ps_level_2
cairo_ps_level_3
cairo_status_success
cairo_status_no_memory
cairo_status_invalid_restore
cairo_status_invalid_pop_group
cairo_status_no_current_point
cairo_status_invalid_matrix
cairo_status_invalid_status
cairo_status_null_pointer
cairo_status_invalid_string
cairo_status_invalid_path_data
cairo_status_read_error
cairo_status_write_error
cairo_status_surface_finished
cairo_status_surface_type_mismatch
cairo_status_pattern_type_mismatch
cairo_status_invalid_content
cairo_status_invalid_format
cairo_status_invalid_visual
cairo_status_file_not_found
cairo_status_invalid_dash
cairo_status_invalid_dsc_comment
cairo_status_invalid_index
cairo_status_clip_not_representable
cairo_status_temp_file_error
cairo_status_invalid_stride
cairo_status_font_type_mismatch
cairo_status_user_font_immutable
cairo_status_user_font_error
cairo_status_negative_count
cairo_status_invalid_clusters
cairo_status_invalid_slant
cairo_status_invalid_weight
cairo_status_invalid_size
cairo_status_user_font_not_implemented
cairo_status_device_type_mismatch
cairo_status_device_error
cairo_status_invalid_mesh_construction
cairo_status_device_finished
cairo_status_jbig2_global_missing
cairo_status_png_error
cairo_status_freetype_error
cairo_status_win32_gdi_error
cairo_status_tag_error
cairo_status_last_status
cairo_content_color
cairo_content_alpha
cairo_content_color_alpha
cairo_format_invalid
cairo_format_argb32
cairo_format_rgb24
cairo_format_a8
cairo_format_a1
cairo_format_rgb16_565
cairo_format_rgb30
cairo_operator_clear
cairo_operator_source
cairo_operator_over
cairo_operator_in
cairo_operator_out
cairo_operator_atop
cairo_operator_dest
cairo_operator_dest_over
cairo_operator_dest_in
cairo_operator_dest_out
cairo_operator_dest_atop
cairo_operator_xor
cairo_operator_add
cairo_operator_saturate
cairo_operator_multiply
cairo_operator_screen
cairo_operator_overlay
cairo_operator_darken
cairo_operator_lighten
cairo_operator_color_dodge
cairo_operator_color_burn
cairo_operator_hard_light
cairo_operator_soft_light
cairo_operator_difference
cairo_operator_exclusion
cairo_operator_hsl_hue
cairo_operator_hsl_saturation
cairo_operator_hsl_color
cairo_operator_hsl_luminosity
cairo_antialias_default
cairo_antialias_none
cairo_antialias_gray
cairo_antialias_subpixel
cairo_antialias_fast
cairo_antialias_good
cairo_antialias_best
cairo_fill_rule_winding
cairo_fill_rule_even_odd
cairo_line_cap_butt
cairo_line_cap_round
cairo_line_cap_square
cairo_line_join_miter
cairo_line_join_round
cairo_line_join_bevel
cairo_text_cluster_flag_backward
cairo_font_slant_normal
cairo_font_slant_italic
cairo_font_slant_oblique
cairo_font_weight_normal
cairo_font_weight_bold
cairo_subpixel_order_default
cairo_subpixel_order_rgb
cairo_subpixel_order_bgr
cairo_subpixel_order_vrgb
cairo_subpixel_order_vbgr
cairo_hint_style_default
cairo_hint_style_none
cairo_hint_style_slight
cairo_hint_style_medium
cairo_hint_style_full
cairo_hint_metrics_default
cairo_hint_metrics_off
cairo_hint_metrics_on
cairo_font_type_toy
cairo_font_type_ft
cairo_font_type_win32
cairo_font_type_quartz
cairo_font_type_user
cairo_path_move_to
cairo_path_line_to
cairo_path_curve_to
cairo_path_close_path
cairo_device_type_drm
cairo_device_type_gl
cairo_device_type_script
cairo_device_type_xcb
cairo_device_type_xlib
cairo_device_type_xml
cairo_device_type_cogl
cairo_device_type_win32
cairo_device_type_invalid
cairo_surface_observer_normal
cairo_surface_observer_record_operations
cairo_surface_type_image
cairo_surface_type_pdf
cairo_surface_type_ps
cairo_surface_type_xlib
cairo_surface_type_xcb
cairo_surface_type_glitz
cairo_surface_type_quartz
cairo_surface_type_win32
cairo_surface_type_beos
cairo_surface_type_directfb
cairo_surface_type_svg
cairo_surface_type_os2
cairo_surface_type_win32_printing
cairo_surface_type_quartz_image
cairo_surface_type_script
cairo_surface_type_qt
cairo_surface_type_recording
cairo_surface_type_vg
cairo_surface_type_gl
cairo_surface_type_drm
cairo_surface_type_tee
cairo_surface_type_xml
cairo_surface_type_skia
cairo_surface_type_subsurface
cairo_surface_type_cogl
cairo_pattern_type_solid
cairo_pattern_type_surface
cairo_pattern_type_linear
cairo_pattern_type_radial
cairo_pattern_type_mesh
cairo_pattern_type_raster_source
cairo_extend_none
cairo_extend_repeat
cairo_extend_reflect
cairo_extend_pad
cairo_filter_fast
cairo_filter_good
cairo_filter_best
cairo_filter_nearest
cairo_filter_bilinear
cairo_filter_gaussian
cairo_region_overlap_in
cairo_region_overlap_out
cairo_region_overlap_part
cairo_script_mode_ascii
cairo_script_mode_binary
cairo_pdf_version_1_4
cairo_pdf_version_1_5
cairo_pdf_outline_flag_open
cairo_pdf_outline_flag_bold
cairo_pdf_outline_flag_italic
cairo_pdf_metadata_title
cairo_pdf_metadata_author
cairo_pdf_metadata_subject
cairo_pdf_metadata_keywords
cairo_pdf_metadata_creator
cairo_pdf_metadata_create_date
cairo_pdf_metadata_mod_date
cairo_svg_version_1_1
cairo_svg_version_1_2
cairo_svg_unit_user
cairo_svg_unit_em
cairo_svg_unit_ex
cairo_svg_unit_px
cairo_svg_unit_in
cairo_svg_unit_cm
cairo_svg_unit_mm
cairo_svg_unit_pt
cairo_svg_unit_pc
cairo_svg_unit_percent
gdk_interp_nearest
gdk_interp_tiles
gdk_interp_bilinear
gdk_interp_hyper
gdk_pixbuf_rotate_none
gdk_pixbuf_rotate_counterclockwise
gdk_pixbuf_rotate_upsidedown
gdk_pixbuf_rotate_clockwise
gdk_pixbuf_format_writable
gdk_pixbuf_format_scalable
gdk_pixbuf_format_threadsafe
gdk_pixbuf_alpha_bilevel
gdk_pixbuf_alpha_full
gdk_colorspace_rgb
gdk_pixbuf_error_corrupt_image
gdk_pixbuf_error_insufficient_memory
gdk_pixbuf_error_bad_option
gdk_pixbuf_error_unknown_type
gdk_pixbuf_error_unsupported_operation
gdk_pixbuf_error_failed
gdk_pixbuf_error_incomplete_animation
gdk_pixdata_dump_pixdata_stream
gdk_pixdata_dump_pixdata_struct
gdk_pixdata_dump_macros
gdk_pixdata_dump_gtypes
gdk_pixdata_dump_ctypes
gdk_pixdata_dump_static
gdk_pixdata_dump_const
gdk_pixdata_dump_rle_decoder
g_module_bind_lazy
g_module_bind_local
g_module_bind_mask
g_key_file_error_unknown_encoding
g_key_file_error_parse
g_key_file_error_not_found
g_key_file_error_key_not_found
g_key_file_error_group_not_found
g_key_file_error_invalid_value
g_key_file_none
g_key_file_keep_comments
g_key_file_keep_translations
g_time_type_standard
g_time_type_daylight
g_time_type_universal
g_option_flag_none
g_option_flag_hidden
g_option_flag_in_main
g_option_flag_reverse
g_option_flag_no_arg
g_option_flag_filename
g_option_flag_optional_arg
g_option_flag_noalias
g_option_arg_none
g_option_arg_string
g_option_arg_int
g_option_arg_callback
g_option_arg_filename
g_option_arg_string_array
g_option_arg_filename_array
g_option_arg_double
g_option_arg_int64
g_option_error_unknown_option
g_option_error_bad_value
g_option_error_failed
g_variant_class_boolean
g_variant_class_byte
g_variant_class_int16
g_variant_class_uint16
g_variant_class_int32
g_variant_class_uint32
g_variant_class_int64
g_variant_class_uint64
g_variant_class_handle
g_variant_class_double
g_variant_class_string
g_variant_class_object_path
g_variant_class_signature
g_variant_class_variant
g_variant_class_maybe
g_variant_class_array
g_variant_class_tuple
g_variant_class_dict_entry
g_variant_parse_error_failed
g_variant_parse_error_basic_type_expected
g_variant_parse_error_cannot_infer_type
g_variant_parse_error_definite_type_expected
g_variant_parse_error_input_not_at_end
g_variant_parse_error_invalid_character
g_variant_parse_error_invalid_format_string
g_variant_parse_error_invalid_object_path
g_variant_parse_error_invalid_signature
g_variant_parse_error_invalid_type_string
g_variant_parse_error_no_common_type
g_variant_parse_error_number_out_of_range
g_variant_parse_error_number_too_big
g_variant_parse_error_type_error
g_variant_parse_error_unexpected_token
g_variant_parse_error_unknown_keyword
g_variant_parse_error_unterminated_string_constant
g_variant_parse_error_value_expected
g_variant_parse_error_recursion
g_test_trap_silence_stdout
g_test_trap_silence_stderr
g_test_trap_inherit_stdin
g_test_subprocess_inherit_stdin
g_test_subprocess_inherit_stdout
g_test_subprocess_inherit_stderr
g_test_run_success
g_test_run_skipped
g_test_run_failure
g_test_run_incomplete
g_test_log_none
g_test_log_error
g_test_log_start_binary
g_test_log_list_case
g_test_log_skip_case
g_test_log_start_case
g_test_log_stop_case
g_test_log_min_result
g_test_log_max_result
g_test_log_message
g_test_log_start_suite
g_test_log_stop_suite
g_test_dist
g_test_built
g_err_unknown
g_err_unexp_eof
g_err_unexp_eof_in_string
g_err_unexp_eof_in_comment
g_err_non_digit_in_const
g_err_digit_radix
g_err_float_radix
g_err_float_malformed
g_token_eof
g_token_left_paren
g_token_right_paren
g_token_left_curly
g_token_right_curly
g_token_left_brace
g_token_right_brace
g_token_equal_sign
g_token_comma
g_token_none
g_token_error
g_token_char
g_token_binary
g_token_octal
g_token_int
g_token_hex
g_token_float
g_token_string
g_token_symbol
g_token_identifier
g_token_identifier_null
g_token_comment_single
g_token_comment_multi
g_token_last
g_checksum_md5
g_checksum_sha1
g_checksum_sha256
g_checksum_sha512
g_checksum_sha384
g_ascii_alnum
g_ascii_alpha
g_ascii_cntrl
g_ascii_digit
g_ascii_graph
g_ascii_lower
g_ascii_print
g_ascii_punct
g_ascii_space
g_ascii_upper
g_ascii_xdigit
g_number_parser_error_invalid
g_number_parser_error_out_of_bounds
g_spawn_error_fork
g_spawn_error_read
g_spawn_error_chdir
g_spawn_error_acces
g_spawn_error_perm
g_spawn_error_too_big
g_spawn_error_2big
g_spawn_error_noexec
g_spawn_error_nametoolong
g_spawn_error_noent
g_spawn_error_nomem
g_spawn_error_notdir
g_spawn_error_loop
g_spawn_error_txtbusy
g_spawn_error_io
g_spawn_error_nfile
g_spawn_error_mfile
g_spawn_error_inval
g_spawn_error_isdir
g_spawn_error_libbad
g_spawn_error_failed
g_spawn_default
g_spawn_leave_descriptors_open
g_spawn_do_not_reap_child
g_spawn_search_path
g_spawn_stdout_to_dev_null
g_spawn_stderr_to_dev_null
g_spawn_child_inherits_stdin
g_spawn_file_and_argv_zero
g_spawn_search_path_from_envp
g_spawn_cloexec_pipes
g_file_error_exist
g_file_error_isdir
g_file_error_acces
g_file_error_nametoolong
g_file_error_noent
g_file_error_notdir
g_file_error_nxio
g_file_error_nodev
g_file_error_rofs
g_file_error_txtbsy
g_file_error_fault
g_file_error_loop
g_file_error_nospc
g_file_error_nomem
g_file_error_mfile
g_file_error_nfile
g_file_error_badf
g_file_error_inval
g_file_error_pipe
g_file_error_again
g_file_error_intr
g_file_error_io
g_file_error_perm
g_file_error_nosys
g_file_error_failed
g_file_test_is_regular
g_file_test_is_symlink
g_file_test_is_dir
g_file_test_is_executable
g_file_test_exists
g_slice_config_always_malloc
g_slice_config_bypass_magazines
g_slice_config_working_set_msecs
g_slice_config_color_increment
g_slice_config_chunk_sizes
g_slice_config_contention_counter
g_win32_os_any
g_win32_os_workstation
g_win32_os_server
g_bookmark_file_error_invalid_uri
g_bookmark_file_error_invalid_value
g_bookmark_file_error_app_not_registered
g_bookmark_file_error_uri_not_found
g_bookmark_file_error_read
g_bookmark_file_error_unknown_encoding
g_bookmark_file_error_write
g_bookmark_file_error_file_not_found
g_log_flag_recursion
g_log_flag_fatal
g_log_level_error
g_log_level_critical
g_log_level_warning
g_log_level_message
g_log_level_info
g_log_level_debug
g_log_level_mask
g_log_writer_handled
g_log_writer_unhandled
g_io_error_none
g_io_error_again
g_io_error_inval
g_io_error_unknown
g_io_channel_error_fbig
g_io_channel_error_inval
g_io_channel_error_io
g_io_channel_error_isdir
g_io_channel_error_nospc
g_io_channel_error_nxio
g_io_channel_error_overflow
g_io_channel_error_pipe
g_io_channel_error_failed
g_io_status_error
g_io_status_normal
g_io_status_eof
g_io_status_again
g_seek_cur
g_seek_set
g_seek_end
g_io_flag_append
g_io_flag_nonblock
g_io_flag_is_readable
g_io_flag_is_writable
g_io_flag_is_writeable
g_io_flag_is_seekable
g_io_flag_mask
g_io_flag_get_mask
g_io_flag_set_mask
g_shell_error_bad_quoting
g_shell_error_empty_string
g_shell_error_failed
g_regex_error_compile
g_regex_error_optimize
g_regex_error_replace
g_regex_error_match
g_regex_error_internal
g_regex_error_stray_backslash
g_regex_error_missing_control_char
g_regex_error_unrecognized_escape
g_regex_error_quantifiers_out_of_order
g_regex_error_quantifier_too_big
g_regex_error_unterminated_character_class
g_regex_error_invalid_escape_in_character_class
g_regex_error_range_out_of_order
g_regex_error_nothing_to_repeat
g_regex_error_unrecognized_character
g_regex_error_posix_named_class_outside_class
g_regex_error_unmatched_parenthesis
g_regex_error_inexistent_subpattern_reference
g_regex_error_unterminated_comment
g_regex_error_expression_too_large
g_regex_error_memory_error
g_regex_error_variable_length_lookbehind
g_regex_error_malformed_condition
g_regex_error_too_many_conditional_branches
g_regex_error_assertion_expected
g_regex_error_unknown_posix_class_name
g_regex_error_posix_collating_elements_not_supported
g_regex_error_hex_code_too_large
g_regex_error_invalid_condition
g_regex_error_single_byte_match_in_lookbehind
g_regex_error_infinite_loop
g_regex_error_missing_subpattern_name_terminator
g_regex_error_duplicate_subpattern_name
g_regex_error_malformed_property
g_regex_error_unknown_property
g_regex_error_subpattern_name_too_long
g_regex_error_too_many_subpatterns
g_regex_error_invalid_octal_value
g_regex_error_too_many_branches_in_define
g_regex_error_define_repetion
g_regex_error_inconsistent_newline_options
g_regex_error_missing_back_reference
g_regex_error_invalid_relative_reference
g_regex_error_backtracking_control_verb_argument_forbidden
g_regex_error_unknown_backtracking_control_verb
g_regex_error_number_too_big
g_regex_error_missing_subpattern_name
g_regex_error_missing_digit
g_regex_error_invalid_data_character
g_regex_error_extra_subpattern_name
g_regex_error_backtracking_control_verb_argument_required
g_regex_error_invalid_control_char
g_regex_error_missing_name
g_regex_error_not_supported_in_class
g_regex_error_too_many_forward_references
g_regex_error_name_too_long
g_regex_error_character_value_too_large
g_regex_caseless
g_regex_multiline
g_regex_dotall
g_regex_extended
g_regex_anchored
g_regex_dollar_endonly
g_regex_ungreedy
g_regex_raw
g_regex_no_auto_capture
g_regex_optimize
g_regex_firstline
g_regex_dupnames
g_regex_newline_cr
g_regex_newline_lf
g_regex_newline_crlf
g_regex_newline_anycrlf
g_regex_bsr_anycrlf
g_regex_javascript_compat
g_regex_match_anchored
g_regex_match_notbol
g_regex_match_noteol
g_regex_match_notempty
g_regex_match_partial
g_regex_match_newline_cr
g_regex_match_newline_lf
g_regex_match_newline_crlf
g_regex_match_newline_any
g_regex_match_newline_anycrlf
g_regex_match_bsr_anycrlf
g_regex_match_bsr_any
g_regex_match_partial_soft
g_regex_match_partial_hard
g_regex_match_notempty_atstart
g_uri_flags_none
g_uri_flags_parse_relaxed
g_uri_flags_has_password
g_uri_flags_has_auth_params
g_uri_flags_encoded
g_uri_flags_non_dns
g_uri_flags_encoded_query
g_uri_flags_encoded_path
g_uri_flags_encoded_fragment
g_uri_hide_none
g_uri_hide_userinfo
g_uri_hide_password
g_uri_hide_auth_params
g_uri_hide_query
g_uri_hide_fragment
g_uri_params_none
g_uri_params_case_insensitive
g_uri_params_www_form
g_uri_params_parse_relaxed
g_uri_error_failed
g_uri_error_bad_scheme
g_uri_error_bad_user
g_uri_error_bad_password
g_uri_error_bad_auth_params
g_uri_error_bad_host
g_uri_error_bad_port
g_uri_error_bad_path
g_uri_error_bad_query
g_uri_error_bad_fragment
g_convert_error_no_conversion
g_convert_error_illegal_sequence
g_convert_error_failed
g_convert_error_partial_input
g_convert_error_bad_uri
g_convert_error_not_absolute_path
g_convert_error_no_memory
g_convert_error_embedded_nul
g_user_directory_desktop
g_user_directory_documents
g_user_directory_download
g_user_directory_music
g_user_directory_pictures
g_user_directory_public_share
g_user_directory_templates
g_user_directory_videos
g_user_n_directories
g_format_size_default
g_format_size_long_format
g_format_size_iec_units
g_format_size_bits
g_date_day
g_date_month
g_date_year
g_date_bad_weekday
g_date_monday
g_date_tuesday
g_date_wednesday
g_date_thursday
g_date_friday
g_date_saturday
g_date_sunday
g_date_bad_month
g_date_january
g_date_february
g_date_march
g_date_april
g_date_may
g_date_june
g_date_july
g_date_august
g_date_september
g_date_october
g_date_november
g_date_december
g_unicode_control
g_unicode_format
g_unicode_unassigned
g_unicode_private_use
g_unicode_surrogate
g_unicode_lowercase_letter
g_unicode_modifier_letter
g_unicode_other_letter
g_unicode_titlecase_letter
g_unicode_uppercase_letter
g_unicode_spacing_mark
g_unicode_enclosing_mark
g_unicode_non_spacing_mark
g_unicode_decimal_number
g_unicode_letter_number
g_unicode_other_number
g_unicode_connect_punctuation
g_unicode_dash_punctuation
g_unicode_close_punctuation
g_unicode_final_punctuation
g_unicode_initial_punctuation
g_unicode_other_punctuation
g_unicode_open_punctuation
g_unicode_currency_symbol
g_unicode_modifier_symbol
g_unicode_math_symbol
g_unicode_other_symbol
g_unicode_line_separator
g_unicode_paragraph_separator
g_unicode_space_separator
g_unicode_break_mandatory
g_unicode_break_carriage_return
g_unicode_break_line_feed
g_unicode_break_combining_mark
g_unicode_break_surrogate
g_unicode_break_zero_width_space
g_unicode_break_inseparable
g_unicode_break_non_breaking_glue
g_unicode_break_contingent
g_unicode_break_space
g_unicode_break_after
g_unicode_break_before
g_unicode_break_before_and_after
g_unicode_break_hyphen
g_unicode_break_non_starter
g_unicode_break_open_punctuation
g_unicode_break_close_punctuation
g_unicode_break_quotation
g_unicode_break_exclamation
g_unicode_break_ideographic
g_unicode_break_numeric
g_unicode_break_infix_separator
g_unicode_break_symbol
g_unicode_break_alphabetic
g_unicode_break_prefix
g_unicode_break_postfix
g_unicode_break_complex_context
g_unicode_break_ambiguous
g_unicode_break_unknown
g_unicode_break_next_line
g_unicode_break_word_joiner
g_unicode_break_hangul_l_jamo
g_unicode_break_hangul_v_jamo
g_unicode_break_hangul_t_jamo
g_unicode_break_hangul_lv_syllable
g_unicode_break_hangul_lvt_syllable
g_unicode_break_close_paranthesis
g_unicode_break_conditional_japanese_starter
g_unicode_break_hebrew_letter
g_unicode_break_regional_indicator
g_unicode_break_emoji_base
g_unicode_break_emoji_modifier
g_unicode_break_zero_width_joiner
g_unicode_script_invalid_code
g_unicode_script_common
g_unicode_script_inherited
g_unicode_script_arabic
g_unicode_script_armenian
g_unicode_script_bengali
g_unicode_script_bopomofo
g_unicode_script_cherokee
g_unicode_script_coptic
g_unicode_script_cyrillic
g_unicode_script_deseret
g_unicode_script_devanagari
g_unicode_script_ethiopic
g_unicode_script_georgian
g_unicode_script_gothic
g_unicode_script_greek
g_unicode_script_gujarati
g_unicode_script_gurmukhi
g_unicode_script_han
g_unicode_script_hangul
g_unicode_script_hebrew
g_unicode_script_hiragana
g_unicode_script_kannada
g_unicode_script_katakana
g_unicode_script_khmer
g_unicode_script_lao
g_unicode_script_latin
g_unicode_script_malayalam
g_unicode_script_mongolian
g_unicode_script_myanmar
g_unicode_script_ogham
g_unicode_script_old_italic
g_unicode_script_oriya
g_unicode_script_runic
g_unicode_script_sinhala
g_unicode_script_syriac
g_unicode_script_tamil
g_unicode_script_telugu
g_unicode_script_thaana
g_unicode_script_thai
g_unicode_script_tibetan
g_unicode_script_canadian_aboriginal
g_unicode_script_yi
g_unicode_script_tagalog
g_unicode_script_hanunoo
g_unicode_script_buhid
g_unicode_script_tagbanwa
g_unicode_script_braille
g_unicode_script_cypriot
g_unicode_script_limbu
g_unicode_script_osmanya
g_unicode_script_shavian
g_unicode_script_linear_b
g_unicode_script_tai_le
g_unicode_script_ugaritic
g_unicode_script_new_tai_lue
g_unicode_script_buginese
g_unicode_script_glagolitic
g_unicode_script_tifinagh
g_unicode_script_syloti_nagri
g_unicode_script_old_persian
g_unicode_script_kharoshthi
g_unicode_script_unknown
g_unicode_script_balinese
g_unicode_script_cuneiform
g_unicode_script_phoenician
g_unicode_script_phags_pa
g_unicode_script_nko
g_unicode_script_kayah_li
g_unicode_script_lepcha
g_unicode_script_rejang
g_unicode_script_sundanese
g_unicode_script_saurashtra
g_unicode_script_cham
g_unicode_script_ol_chiki
g_unicode_script_vai
g_unicode_script_carian
g_unicode_script_lycian
g_unicode_script_lydian
g_unicode_script_avestan
g_unicode_script_bamum
g_unicode_script_egyptian_hieroglyphs
g_unicode_script_imperial_aramaic
g_unicode_script_inscriptional_pahlavi
g_unicode_script_inscriptional_parthian
g_unicode_script_javanese
g_unicode_script_kaithi
g_unicode_script_lisu
g_unicode_script_meetei_mayek
g_unicode_script_old_south_arabian
g_unicode_script_old_turkic
g_unicode_script_samaritan
g_unicode_script_tai_tham
g_unicode_script_tai_viet
g_unicode_script_batak
g_unicode_script_brahmi
g_unicode_script_mandaic
g_unicode_script_chakma
g_unicode_script_meroitic_cursive
g_unicode_script_meroitic_hieroglyphs
g_unicode_script_miao
g_unicode_script_sharada
g_unicode_script_sora_sompeng
g_unicode_script_takri
g_unicode_script_bassa_vah
g_unicode_script_caucasian_albanian
g_unicode_script_duployan
g_unicode_script_elbasan
g_unicode_script_grantha
g_unicode_script_khojki
g_unicode_script_khudawadi
g_unicode_script_linear_a
g_unicode_script_mahajani
g_unicode_script_manichaean
g_unicode_script_mende_kikakui
g_unicode_script_modi
g_unicode_script_mro
g_unicode_script_nabataean
g_unicode_script_old_north_arabian
g_unicode_script_old_permic
g_unicode_script_pahawh_hmong
g_unicode_script_palmyrene
g_unicode_script_pau_cin_hau
g_unicode_script_psalter_pahlavi
g_unicode_script_siddham
g_unicode_script_tirhuta
g_unicode_script_warang_citi
g_unicode_script_ahom
g_unicode_script_anatolian_hieroglyphs
g_unicode_script_hatran
g_unicode_script_multani
g_unicode_script_old_hungarian
g_unicode_script_signwriting
g_unicode_script_adlam
g_unicode_script_bhaiksuki
g_unicode_script_marchen
g_unicode_script_newa
g_unicode_script_osage
g_unicode_script_tangut
g_unicode_script_masaram_gondi
g_unicode_script_nushu
g_unicode_script_soyombo
g_unicode_script_zanabazar_square
g_unicode_script_dogra
g_unicode_script_gunjala_gondi
g_unicode_script_hanifi_rohingya
g_unicode_script_makasar
g_unicode_script_medefaidrin
g_unicode_script_old_sogdian
g_unicode_script_sogdian
g_unicode_script_elymaic
g_unicode_script_nandinagari
g_unicode_script_nyiakeng_puachue_hmong
g_unicode_script_wancho
g_unicode_script_chorasmian
g_unicode_script_dives_akuru
g_unicode_script_khitan_small_script
g_unicode_script_yezidi
g_normalize_default
g_normalize_nfd
g_normalize_default_compose
g_normalize_nfc
g_normalize_all
g_normalize_nfkd
g_normalize_all_compose
g_normalize_nfkc
g_hook_flag_active
g_hook_flag_in_call
g_hook_flag_mask
g_markup_error_bad_utf8
g_markup_error_empty
g_markup_error_parse
g_markup_error_unknown_element
g_markup_error_unknown_attribute
g_markup_error_invalid_content
g_markup_error_missing_attribute
g_markup_do_not_use_this_unsupported_flag
g_markup_treat_cdata_as_text
g_markup_prefix_error_position
g_markup_ignore_qualified
g_markup_collect_invalid
g_markup_collect_string
g_markup_collect_strdup
g_markup_collect_boolean
g_markup_collect_tristate
g_markup_collect_optional
g_traverse_leaves
g_traverse_non_leaves
g_traverse_all
g_traverse_mask
g_traverse_leafs
g_traverse_non_leafs
g_in_order
g_pre_order
g_post_order
g_level_order
g_thread_error_again
g_once_status_notcalled
g_once_status_progress
g_once_status_ready
g_thread_priority_low
g_thread_priority_normal
g_thread_priority_high
g_thread_priority_urgent
g_settings_bind_default
g_settings_bind_get
g_settings_bind_set
g_settings_bind_no_sensitivity
g_settings_bind_get_no_changes
g_settings_bind_invert_boolean
g_resolver_name_lookup_flags_default
g_resolver_name_lookup_flags_ipv4_only
g_resolver_name_lookup_flags_ipv6_only
g_app_info_create_none
g_app_info_create_needs_terminal
g_app_info_create_supports_uris
g_app_info_create_supports_startup_notification
g_converter_no_flags
g_converter_input_at_end
g_converter_flush
g_converter_error
g_converter_converted
g_converter_finished
g_converter_flushed
g_data_stream_byte_order_big_endian
g_data_stream_byte_order_little_endian
g_data_stream_byte_order_host_endian
g_data_stream_newline_type_lf
g_data_stream_newline_type_cr
g_data_stream_newline_type_cr_lf
g_data_stream_newline_type_any
g_file_attribute_type_invalid
g_file_attribute_type_string
g_file_attribute_type_byte_string
g_file_attribute_type_boolean
g_file_attribute_type_uint32
g_file_attribute_type_int32
g_file_attribute_type_uint64
g_file_attribute_type_int64
g_file_attribute_type_object
g_file_attribute_type_stringv
g_file_attribute_info_none
g_file_attribute_info_copy_with_file
g_file_attribute_info_copy_when_moved
g_file_attribute_status_unset
g_file_attribute_status_set
g_file_attribute_status_error_setting
g_file_query_info_none
g_file_query_info_nofollow_symlinks
g_file_create_none
g_file_create_private
g_file_create_replace_destination
g_file_measure_none
g_file_measure_report_any_error
g_file_measure_apparent_size
g_file_measure_no_xdev
g_mount_mount_none
g_mount_unmount_none
g_mount_unmount_force
g_drive_start_none
g_drive_start_stop_type_unknown
g_drive_start_stop_type_shutdown
g_drive_start_stop_type_network
g_drive_start_stop_type_multidisk
g_drive_start_stop_type_password
g_file_copy_none
g_file_copy_overwrite
g_file_copy_backup
g_file_copy_nofollow_symlinks
g_file_copy_all_metadata
g_file_copy_no_fallback_for_move
g_file_copy_target_default_perms
g_file_monitor_none
g_file_monitor_watch_mounts
g_file_monitor_send_moved
g_file_monitor_watch_hard_links
g_file_monitor_watch_moves
g_file_type_unknown
g_file_type_regular
g_file_type_directory
g_file_type_symbolic_link
g_file_type_special
g_file_type_shortcut
g_file_type_mountable
g_filesystem_preview_type_if_always
g_filesystem_preview_type_if_local
g_filesystem_preview_type_never
g_file_monitor_event_changed
g_file_monitor_event_changes_done_hint
g_file_monitor_event_deleted
g_file_monitor_event_created
g_file_monitor_event_attribute_changed
g_file_monitor_event_pre_unmount
g_file_monitor_event_unmounted
g_file_monitor_event_moved
g_file_monitor_event_renamed
g_file_monitor_event_moved_in
g_file_monitor_event_moved_out
g_io_error_failed
g_io_error_not_found
g_io_error_exists
g_io_error_is_directory
g_io_error_not_directory
g_io_error_not_empty
g_io_error_not_regular_file
g_io_error_not_symbolic_link
g_io_error_not_mountable_file
g_io_error_filename_too_long
g_io_error_invalid_filename
g_io_error_too_many_links
g_io_error_no_space
g_io_error_invalid_argument
g_io_error_permission_denied
g_io_error_not_supported
g_io_error_not_mounted
g_io_error_already_mounted
g_io_error_closed
g_io_error_cancelled
g_io_error_pending
g_io_error_read_only
g_io_error_cant_create_backup
g_io_error_wrong_etag
g_io_error_timed_out
g_io_error_would_recurse
g_io_error_busy
g_io_error_would_block
g_io_error_host_not_found
g_io_error_would_merge
g_io_error_failed_handled
g_io_error_too_many_open_files
g_io_error_not_initialized
g_io_error_address_in_use
g_io_error_partial_input
g_io_error_invalid_data
g_io_error_dbus_error
g_io_error_host_unreachable
g_io_error_network_unreachable
g_io_error_connection_refused
g_io_error_proxy_failed
g_io_error_proxy_auth_failed
g_io_error_proxy_need_auth
g_io_error_proxy_not_allowed
g_io_error_broken_pipe
g_io_error_connection_closed
g_io_error_not_connected
g_io_error_message_too_large
g_ask_password_need_password
g_ask_password_need_username
g_ask_password_need_domain
g_ask_password_saving_supported
g_ask_password_anonymous_supported
g_ask_password_tcrypt
g_password_save_never
g_password_save_for_session
g_password_save_permanently
g_mount_operation_handled
g_mount_operation_aborted
g_mount_operation_unhandled
g_output_stream_splice_none
g_output_stream_splice_close_source
g_output_stream_splice_close_target
g_io_stream_splice_none
g_io_stream_splice_close_stream1
g_io_stream_splice_close_stream2
g_io_stream_splice_wait_for_both
g_emblem_origin_unknown
g_emblem_origin_device
g_emblem_origin_livemetadata
g_emblem_origin_tag
g_resolver_error_not_found
g_resolver_error_temporary_failure
g_resolver_error_internal
g_resolver_record_srv
g_resolver_record_mx
g_resolver_record_txt
g_resolver_record_soa
g_resolver_record_ns
g_resource_error_not_found
g_resource_error_internal
g_resource_flags_none
g_resource_flags_compressed
g_resource_lookup_flags_none
g_socket_type_invalid
g_socket_type_stream
g_socket_type_datagram
g_socket_type_seqpacket
g_socket_protocol_unknown
g_socket_protocol_default
g_socket_protocol_tcp
g_socket_protocol_udp
g_socket_protocol_sctp
g_zlib_compressor_format_zlib
g_zlib_compressor_format_gzip
g_zlib_compressor_format_raw
g_unix_socket_address_invalid
g_unix_socket_address_anonymous
g_unix_socket_address_path
g_unix_socket_address_abstract
g_unix_socket_address_abstract_padded
g_bus_type_starter
g_bus_type_none
g_bus_type_system
g_bus_type_session
g_bus_name_owner_flags_none
g_bus_name_owner_flags_allow_replacement
g_bus_name_owner_flags_replace
g_bus_name_owner_flags_do_not_queue
g_bus_name_watcher_flags_none
g_bus_name_watcher_flags_auto_start
g_dbus_proxy_flags_none
g_dbus_proxy_flags_do_not_load_properties
g_dbus_proxy_flags_do_not_connect_signals
g_dbus_proxy_flags_do_not_auto_start
g_dbus_proxy_flags_get_invalidated_properties
g_dbus_proxy_flags_do_not_auto_start_at_construction
g_dbus_error_failed
g_dbus_error_no_memory
g_dbus_error_service_unknown
g_dbus_error_name_has_no_owner
g_dbus_error_no_reply
g_dbus_error_io_error
g_dbus_error_bad_address
g_dbus_error_not_supported
g_dbus_error_limits_exceeded
g_dbus_error_access_denied
g_dbus_error_auth_failed
g_dbus_error_no_server
g_dbus_error_timeout
g_dbus_error_no_network
g_dbus_error_address_in_use
g_dbus_error_disconnected
g_dbus_error_invalid_args
g_dbus_error_file_not_found
g_dbus_error_file_exists
g_dbus_error_unknown_method
g_dbus_error_timed_out
g_dbus_error_match_rule_not_found
g_dbus_error_match_rule_invalid
g_dbus_error_spawn_exec_failed
g_dbus_error_spawn_fork_failed
g_dbus_error_spawn_child_exited
g_dbus_error_spawn_child_signaled
g_dbus_error_spawn_failed
g_dbus_error_spawn_setup_failed
g_dbus_error_spawn_config_invalid
g_dbus_error_spawn_service_invalid
g_dbus_error_spawn_service_not_found
g_dbus_error_spawn_permissions_invalid
g_dbus_error_spawn_file_invalid
g_dbus_error_spawn_no_memory
g_dbus_error_unix_process_id_unknown
g_dbus_error_invalid_signature
g_dbus_error_invalid_file_content
g_dbus_error_selinux_security_context_unknown
g_dbus_error_adt_audit_data_unknown
g_dbus_error_object_path_in_use
g_dbus_error_unknown_object
g_dbus_error_unknown_interface
g_dbus_error_unknown_property
g_dbus_error_property_read_only
g_dbus_connection_flags_none
g_dbus_connection_flags_authentication_client
g_dbus_connection_flags_authentication_server
g_dbus_connection_flags_authentication_allow_anonymous
g_dbus_connection_flags_message_bus_connection
g_dbus_connection_flags_delay_message_processing
g_dbus_capability_flags_none
g_dbus_capability_flags_unix_fd_passing
g_dbus_call_flags_none
g_dbus_call_flags_no_auto_start
g_dbus_call_flags_allow_interactive_authorization
g_dbus_message_type_invalid
g_dbus_message_type_method_call
g_dbus_message_type_method_return
g_dbus_message_type_error
g_dbus_message_type_signal
g_dbus_message_flags_none
g_dbus_message_flags_no_reply_expected
g_dbus_message_flags_no_auto_start
g_dbus_message_flags_allow_interactive_authorization
g_dbus_message_header_field_invalid
g_dbus_message_header_field_path
g_dbus_message_header_field_interface
g_dbus_message_header_field_member
g_dbus_message_header_field_error_name
g_dbus_message_header_field_reply_serial
g_dbus_message_header_field_destination
g_dbus_message_header_field_sender
g_dbus_message_header_field_signature
g_dbus_message_header_field_num_unix_fds
g_dbus_property_info_flags_none
g_dbus_property_info_flags_readable
g_dbus_property_info_flags_writable
g_dbus_subtree_flags_none
g_dbus_subtree_flags_dispatch_to_unenumerated_nodes
g_dbus_server_flags_none
g_dbus_server_flags_run_in_thread
g_dbus_server_flags_authentication_allow_anonymous
g_dbus_signal_flags_none
g_dbus_signal_flags_no_match_rule
g_dbus_signal_flags_match_arg0_namespace
g_dbus_signal_flags_match_arg0_path
g_dbus_send_message_flags_none
g_dbus_send_message_flags_preserve_serial
g_credentials_type_invalid
g_credentials_type_linux_ucred
g_credentials_type_freebsd_cmsgcred
g_credentials_type_openbsd_sockpeercred
g_credentials_type_solaris_ucred
g_credentials_type_netbsd_unpcbid
g_credentials_type_apple_xucred
g_dbus_message_byte_order_big_endian
g_dbus_message_byte_order_little_endian
g_application_flags_none
g_application_is_service
g_application_is_launcher
g_application_handles_open
g_application_handles_command_line
g_application_send_environment
g_application_non_unique
g_application_can_override_app_id
g_application_allow_replacement
g_application_replace
g_tls_error_unavailable
g_tls_error_misc
g_tls_error_bad_certificate
g_tls_error_not_tls
g_tls_error_handshake
g_tls_error_certificate_required
g_tls_error_eof
g_tls_error_inappropriate_fallback
g_tls_certificate_unknown_ca
g_tls_certificate_bad_identity
g_tls_certificate_not_activated
g_tls_certificate_expired
g_tls_certificate_revoked
g_tls_certificate_insecure
g_tls_certificate_generic_error
g_tls_certificate_validate_all
g_tls_authentication_none
g_tls_authentication_requested
g_tls_authentication_required
g_tls_channel_binding_tls_unique
g_tls_channel_binding_tls_server_end_point
g_tls_channel_binding_error_not_implemented
g_tls_channel_binding_error_invalid_state
g_tls_channel_binding_error_not_available
g_tls_channel_binding_error_not_supported
g_tls_channel_binding_error_general_error
g_tls_rehandshake_never
g_tls_rehandshake_safely
g_tls_rehandshake_unsafely
g_tls_password_none
g_tls_password_retry
g_tls_password_many_tries
g_tls_password_final_try
g_tls_interaction_unhandled
g_tls_interaction_handled
g_tls_interaction_failed
g_dbus_object_manager_client_flags_none
g_dbus_object_manager_client_flags_do_not_auto_start
g_tls_database_verify_none
g_tls_database_lookup_none
g_tls_database_lookup_keypair
g_tls_certificate_request_none
g_io_module_scope_none
g_io_module_scope_block_duplicates
g_socket_client_resolving
g_socket_client_resolved
g_socket_client_connecting
g_socket_client_connected
g_socket_client_proxy_negotiating
g_socket_client_proxy_negotiated
g_socket_client_tls_handshaking
g_socket_client_tls_handshaked
g_socket_client_complete
g_socket_listener_binding
g_socket_listener_bound
g_socket_listener_listening
g_socket_listener_listened
g_test_dbus_none
g_subprocess_flags_none
g_subprocess_flags_stdin_pipe
g_subprocess_flags_stdin_inherit
g_subprocess_flags_stdout_pipe
g_subprocess_flags_stdout_silence
g_subprocess_flags_stderr_pipe
g_subprocess_flags_stderr_silence
g_subprocess_flags_stderr_merge
g_subprocess_flags_inherit_fds
g_notification_priority_normal
g_notification_priority_low
g_notification_priority_high
g_notification_priority_urgent
g_network_connectivity_local
g_network_connectivity_limited
g_network_connectivity_portal
g_network_connectivity_full
g_pollable_return_failed
g_pollable_return_ok
g_pollable_return_would_block
g_memory_monitor_warning_level_low
g_memory_monitor_warning_level_medium
g_memory_monitor_warning_level_critical
g_signal_run_first
g_signal_run_last
g_signal_run_cleanup
g_signal_no_recurse
g_signal_detailed
g_signal_action
g_signal_no_hooks
g_signal_must_collect
g_signal_deprecated
g_connect_after
g_connect_swapped
g_signal_match_id
g_signal_match_detail
g_signal_match_closure
g_signal_match_func
g_signal_match_data
g_signal_match_unblocked
g_binding_default
g_binding_bidirectional
g_binding_sync_create
g_binding_invert_boolean
g_param_readable
g_param_writable
g_param_readwrite
g_param_construct
g_param_construct_only
g_param_lax_validation
g_param_static_name
g_param_private
g_param_static_nick
g_param_static_blurb
g_param_explicit_notify
g_type_debug_none
g_type_debug_objects
g_type_debug_signals
g_type_debug_instance_count
g_type_debug_mask
g_type_flag_classed
g_type_flag_instantiatable
g_type_flag_derivable
g_type_flag_deep_derivable
g_type_flag_abstract
g_type_flag_value_abstract
gdk_device_pad_feature_button
gdk_device_pad_feature_ring
gdk_device_pad_feature_strip
gdk_gravity_north_west
gdk_gravity_north
gdk_gravity_north_east
gdk_gravity_west
gdk_gravity_center
gdk_gravity_east
gdk_gravity_south_west
gdk_gravity_south
gdk_gravity_south_east
gdk_gravity_static
gdk_shift_mask
gdk_lock_mask
gdk_control_mask
gdk_alt_mask
gdk_button1_mask
gdk_button2_mask
gdk_button3_mask
gdk_button4_mask
gdk_button5_mask
gdk_super_mask
gdk_hyper_mask
gdk_meta_mask
gdk_gl_error_not_available
gdk_gl_error_unsupported_format
gdk_gl_error_unsupported_profile
gdk_gl_error_compilation_failed
gdk_gl_error_link_failed
gdk_vulkan_error_unsupported
gdk_vulkan_error_not_available
gdk_axis_ignore
gdk_axis_x
gdk_axis_y
gdk_axis_delta_x
gdk_axis_delta_y
gdk_axis_pressure
gdk_axis_xtilt
gdk_axis_ytilt
gdk_axis_wheel
gdk_axis_distance
gdk_axis_rotation
gdk_axis_slider
gdk_axis_last
gdk_action_copy
gdk_action_move
gdk_action_link
gdk_action_ask
gdk_drag_cancel_no_target
gdk_drag_cancel_user_cancelled
gdk_drag_cancel_error
gdk_delete
gdk_motion_notify
gdk_button_press
gdk_button_release
gdk_key_press
gdk_key_release
gdk_enter_notify
gdk_leave_notify
gdk_focus_change
gdk_configure
gdk_proximity_in
gdk_proximity_out
gdk_drag_enter
gdk_drag_leave
gdk_drag_motion_f
gdk_drop_start
gdk_scroll
gdk_grab_broken
gdk_touch_begin
gdk_touch_update
gdk_touch_end
gdk_touch_cancel
gdk_touchpad_swipe
gdk_touchpad_pinch
gdk_pad_button_press
gdk_pad_button_release
gdk_pad_ring
gdk_pad_strip
gdk_pad_group_mode
gdk_event_last
gdk_touchpad_gesture_phase_begin
gdk_touchpad_gesture_phase_update
gdk_touchpad_gesture_phase_end
gdk_touchpad_gesture_phase_cancel
gdk_scroll_up
gdk_scroll_down
gdk_scroll_left
gdk_scroll_right
gdk_scroll_smooth
gdk_notify_ancestor
gdk_notify_virtual
gdk_notify_inferior
gdk_notify_nonlinear
gdk_notify_nonlinear_virtual
gdk_notify_unknown
gdk_crossing_normal
gdk_crossing_grab
gdk_crossing_ungrab
gdk_crossing_gtk_grab
gdk_crossing_gtk_ungrab
gdk_crossing_state_changed
gdk_crossing_touch_begin
gdk_crossing_touch_end
gdk_crossing_device_switch
gdk_key_match_none
gdk_key_match_partial
gdk_key_match_exact
gdk_paintable_static_size
gdk_paintable_static_contents
gdk_subpixel_layout_unknown
gdk_subpixel_layout_none
gdk_subpixel_layout_horizontal_rgb
gdk_subpixel_layout_horizontal_bgr
gdk_subpixel_layout_vertical_rgb
gdk_subpixel_layout_vertical_bgr
gdk_source_mouse
gdk_source_pen
gdk_source_keyboard
gdk_source_touchscreen
gdk_source_touchpad
gdk_source_trackpoint
gdk_source_tablet_pad
gdk_memory_b8g8r8a8_premultiplied
gdk_memory_a8r8g8b8_premultiplied
gdk_memory_r8g8b8a8_premultiplied
gdk_memory_b8g8r8a8
gdk_memory_a8r8g8b8
gdk_memory_r8g8b8a8
gdk_memory_a8b8g8r8
gdk_memory_r8g8b8
gdk_memory_b8g8r8
gdk_memory_n_formats
gdk_surface_edge_north_west
gdk_surface_edge_north
gdk_surface_edge_north_east
gdk_surface_edge_west
gdk_surface_edge_east
gdk_surface_edge_south_west
gdk_surface_edge_south
gdk_surface_edge_south_east
gdk_fullscreen_on_current_monitor
gdk_fullscreen_on_all_monitors
gdk_toplevel_state_withdrawn
gdk_toplevel_state_minimized
gdk_toplevel_state_maximized
gdk_toplevel_state_sticky
gdk_toplevel_state_fullscreen
gdk_toplevel_state_above
gdk_toplevel_state_below
gdk_toplevel_state_focused
gdk_toplevel_state_tiled
gdk_toplevel_state_top_tiled
gdk_toplevel_state_top_resizable
gdk_toplevel_state_right_tiled
gdk_toplevel_state_right_resizable
gdk_toplevel_state_bottom_tiled
gdk_toplevel_state_bottom_resizable
gdk_toplevel_state_left_tiled
gdk_toplevel_state_left_resizable
gdk_device_tool_type_unknown
gdk_device_tool_type_pen
gdk_device_tool_type_eraser
gdk_device_tool_type_brush
gdk_device_tool_type_pencil
gdk_device_tool_type_airbrush
gdk_device_tool_type_mouse
gdk_device_tool_type_lens
gdk_frame_clock_phase_none
gdk_frame_clock_phase_flush_events
gdk_frame_clock_phase_before_paint
gdk_frame_clock_phase_update
gdk_frame_clock_phase_layout
gdk_frame_clock_phase_paint
gdk_frame_clock_phase_resume_events
gdk_frame_clock_phase_after_paint
gdk_anchor_flip_x
gdk_anchor_flip_y
gdk_anchor_slide_x
gdk_anchor_slide_y
gdk_anchor_resize_x
gdk_anchor_resize_y
gdk_anchor_flip
gdk_anchor_slide
gdk_anchor_resize
gdk_x11_device_type_logical
gdk_x11_device_type_physical
gdk_x11_device_type_floating
gsk_not_a_render_node
gsk_container_node
gsk_cairo_node
gsk_color_node
gsk_linear_gradient_node
gsk_repeating_linear_gradient_node
gsk_radial_gradient_node
gsk_repeating_radial_gradient_node
gsk_border_node
gsk_texture_node
gsk_inset_shadow_node
gsk_outset_shadow_node
gsk_transform_node
gsk_opacity_node
gsk_color_matrix_node
gsk_repeat_node
gsk_clip_node
gsk_rounded_clip_node
gsk_shadow_node
gsk_blend_node
gsk_cross_fade_node
gsk_text_node
gsk_blur_node
gsk_debug_node
gsk_gl_shader_node
gsk_scaling_filter_linear
gsk_scaling_filter_nearest
gsk_scaling_filter_trilinear
gsk_blend_mode_default
gsk_blend_mode_multiply
gsk_blend_mode_screen
gsk_blend_mode_overlay
gsk_blend_mode_darken
gsk_blend_mode_lighten
gsk_blend_mode_color_dodge
gsk_blend_mode_color_burn
gsk_blend_mode_hard_light
gsk_blend_mode_soft_light
gsk_blend_mode_difference
gsk_blend_mode_exclusion
gsk_blend_mode_color
gsk_blend_mode_hue
gsk_blend_mode_saturation
gsk_blend_mode_luminosity
gsk_corner_top_left
gsk_corner_top_right
gsk_corner_bottom_right
gsk_corner_bottom_left
gsk_serialization_unsupported_format
gsk_serialization_unsupported_version
gsk_serialization_invalid_data
gsk_transform_category_unknown
gsk_transform_category_any
gsk_transform_category_3d
gsk_transform_category_2d
gsk_transform_category_2d_affine
gsk_transform_category_2d_translate
gsk_transform_category_identity
gsk_gl_uniform_type_none
gsk_gl_uniform_type_float
gsk_gl_uniform_type_int
gsk_gl_uniform_type_uint
gsk_gl_uniform_type_bool
gsk_gl_uniform_type_vec2
gsk_gl_uniform_type_vec3
gsk_gl_uniform_type_vec4
gtk_icon_lookup_force_regular
gtk_icon_lookup_force_symbolic
gtk_icon_lookup_preload
gtk_icon_theme_not_found
gtk_icon_theme_failed
gtk_builder_error_invalid_type_function
gtk_builder_error_unhandled_tag
gtk_builder_error_missing_attribute
gtk_builder_error_invalid_attribute
gtk_builder_error_invalid_tag
gtk_builder_error_missing_property_value
gtk_builder_error_invalid_value
gtk_builder_error_version_mismatch
gtk_builder_error_duplicate_id
gtk_builder_error_object_type_refused
gtk_builder_error_template_mismatch
gtk_builder_error_invalid_property
gtk_builder_error_invalid_signal
gtk_builder_error_invalid_id
gtk_builder_error_invalid_function
gtk_cell_renderer_accel_mode_gtk
gtk_cell_renderer_accel_mode_other
gtk_pad_action_button
gtk_pad_action_ring
gtk_pad_action_strip
gtk_application_inhibit_logout
gtk_application_inhibit_switch
gtk_application_inhibit_suspend
gtk_application_inhibit_idle
gtk_builder_closure_swapped
gtk_sorter_order_partial
gtk_sorter_order_none
gtk_sorter_order_total
gtk_sorter_change_different
gtk_sorter_change_inverted
gtk_sorter_change_less_strict
gtk_sorter_change_more_strict
gtk_popover_menu_nested
gtk_shortcut_action_exclusive
gtk_update_always
gtk_update_if_valid
gtk_spin_step_forward
gtk_spin_step_backward
gtk_spin_page_forward
gtk_spin_page_backward
gtk_spin_home
gtk_spin_end
gtk_spin_user_defined
gtk_debug_text
gtk_debug_tree
gtk_debug_keybindings
gtk_debug_modules
gtk_debug_geometry
gtk_debug_icontheme
gtk_debug_printing
gtk_debug_builder
gtk_debug_size_request
gtk_debug_no_css_cache
gtk_debug_interactive
gtk_debug_touchscreen
gtk_debug_actions
gtk_debug_layout
gtk_debug_snapshot
gtk_debug_constraints
gtk_debug_builder_objects
gtk_debug_a11y
gtk_text_window_widget
gtk_text_window_text
gtk_text_window_left
gtk_text_window_right
gtk_text_window_top
gtk_text_window_bottom
gtk_text_view_layer_below_text
gtk_text_view_layer_above_text
gtk_text_extend_selection_word
gtk_text_extend_selection_line
gtk_cell_renderer_selected
gtk_cell_renderer_prelit
gtk_cell_renderer_insensitive
gtk_cell_renderer_sorted
gtk_cell_renderer_focused
gtk_cell_renderer_expandable
gtk_cell_renderer_expanded
gtk_cell_renderer_mode_inert
gtk_cell_renderer_mode_activatable
gtk_cell_renderer_mode_editable
gtk_style_context_print_none
gtk_style_context_print_recurse
gtk_style_context_print_show_style
gtk_style_context_print_show_change
gtk_license_unknown
gtk_license_custom
gtk_license_gpl_2_0
gtk_license_gpl_3_0
gtk_license_lgpl_2_1
gtk_license_lgpl_3_0
gtk_license_bsd
gtk_license_mit_x11
gtk_license_artistic
gtk_license_gpl_2_0_only
gtk_license_gpl_3_0_only
gtk_license_lgpl_2_1_only
gtk_license_lgpl_3_0_only
gtk_license_agpl_3_0
gtk_license_agpl_3_0_only
gtk_license_bsd_3
gtk_license_apache_2_0
gtk_license_mpl_2_0
gtk_icon_view_no_drop
gtk_icon_view_drop_into
gtk_icon_view_drop_left
gtk_icon_view_drop_right
gtk_icon_view_drop_above
gtk_icon_view_drop_below
gtk_stack_transition_type_none
gtk_stack_transition_type_crossfade
gtk_stack_transition_type_slide_right
gtk_stack_transition_type_slide_left
gtk_stack_transition_type_slide_up
gtk_stack_transition_type_slide_down
gtk_stack_transition_type_slide_left_right
gtk_stack_transition_type_slide_up_down
gtk_stack_transition_type_over_up
gtk_stack_transition_type_over_down
gtk_stack_transition_type_over_left
gtk_stack_transition_type_over_right
gtk_stack_transition_type_under_up
gtk_stack_transition_type_under_down
gtk_stack_transition_type_under_left
gtk_stack_transition_type_under_right
gtk_stack_transition_type_over_up_down
gtk_stack_transition_type_over_down_up
gtk_stack_transition_type_over_left_right
gtk_stack_transition_type_over_right_left
gtk_stack_transition_type_rotate_left
gtk_stack_transition_type_rotate_right
gtk_stack_transition_type_rotate_left_right
gtk_corner_top_left
gtk_corner_bottom_left
gtk_corner_top_right
gtk_corner_bottom_right
gtk_policy_always
gtk_policy_automatic
gtk_policy_never
gtk_policy_external
gtk_event_controller_scroll_none
gtk_event_controller_scroll_vertical
gtk_event_controller_scroll_horizontal
gtk_event_controller_scroll_discrete
gtk_event_controller_scroll_kinetic
gtk_event_controller_scroll_both_axes
gtk_text_search_visible_only
gtk_text_search_text_only
gtk_text_search_case_insensitive
gtk_align_fill
gtk_align_start
gtk_align_end
gtk_align_center
gtk_align_baseline
gtk_arrow_up
gtk_arrow_down
gtk_arrow_left
gtk_arrow_right
gtk_arrow_none
gtk_baseline_position_top
gtk_baseline_position_center
gtk_baseline_position_bottom
gtk_delete_chars
gtk_delete_word_ends
gtk_delete_words
gtk_delete_display_lines
gtk_delete_display_line_ends
gtk_delete_paragraph_ends
gtk_delete_paragraphs
gtk_delete_whitespace
gtk_dir_tab_forward
gtk_dir_tab_backward
gtk_dir_up
gtk_dir_down
gtk_dir_left
gtk_dir_right
gtk_icon_size_inherit
gtk_icon_size_normal
gtk_icon_size_large
gtk_sensitivity_auto
gtk_sensitivity_on
gtk_sensitivity_off
gtk_text_dir_none
gtk_text_dir_ltr
gtk_text_dir_rtl
gtk_justify_left
gtk_justify_right
gtk_justify_center
gtk_justify_fill
gtk_menu_dir_parent
gtk_menu_dir_child
gtk_menu_dir_next
gtk_menu_dir_prev
gtk_message_info
gtk_message_warning
gtk_message_question
gtk_message_error
gtk_message_other
gtk_movement_logical_positions
gtk_movement_visual_positions
gtk_movement_words
gtk_movement_display_lines
gtk_movement_display_line_ends
gtk_movement_paragraphs
gtk_movement_paragraph_ends
gtk_movement_pages
gtk_movement_buffer_ends
gtk_movement_horizontal_pages
gtk_scroll_steps
gtk_scroll_pages
gtk_scroll_ends
gtk_scroll_horizontal_steps
gtk_scroll_horizontal_pages
gtk_scroll_horizontal_ends
gtk_orientation_horizontal
gtk_orientation_vertical
gtk_overflow_visible
gtk_overflow_hidden
gtk_pack_start
gtk_pack_end
gtk_pos_left
gtk_pos_right
gtk_pos_top
gtk_pos_bottom
gtk_scroll_none
gtk_scroll_jump
gtk_scroll_step_backward
gtk_scroll_step_forward
gtk_scroll_page_backward
gtk_scroll_page_forward
gtk_scroll_step_up
gtk_scroll_step_down
gtk_scroll_page_up
gtk_scroll_page_down
gtk_scroll_step_left
gtk_scroll_step_right
gtk_scroll_page_left
gtk_scroll_page_right
gtk_scroll_start
gtk_scroll_end
gtk_selection_none
gtk_selection_single
gtk_selection_browse
gtk_selection_multiple
gtk_wrap_none
gtk_wrap_char
gtk_wrap_word
gtk_wrap_word_char
gtk_sort_ascending
gtk_sort_descending
gtk_print_pages_all
gtk_print_pages_current
gtk_print_pages_ranges
gtk_print_pages_selection
gtk_page_set_all
gtk_page_set_even
gtk_page_set_odd
gtk_number_up_layout_left_to_right_top_to_bottom
gtk_number_up_layout_left_to_right_bottom_to_top
gtk_number_up_layout_right_to_left_top_to_bottom
gtk_number_up_layout_right_to_left_bottom_to_top
gtk_number_up_layout_top_to_bottom_left_to_right
gtk_number_up_layout_top_to_bottom_right_to_left
gtk_number_up_layout_bottom_to_top_left_to_right
gtk_number_up_layout_bottom_to_top_right_to_left
gtk_ordering_smaller
gtk_ordering_equal
gtk_ordering_larger
gtk_page_orientation_portrait
gtk_page_orientation_landscape
gtk_page_orientation_reverse_portrait
gtk_page_orientation_reverse_landscape
gtk_print_quality_low
gtk_print_quality_normal
gtk_print_quality_high
gtk_print_quality_draft
gtk_print_duplex_simplex
gtk_print_duplex_horizontal
gtk_print_duplex_vertical
gtk_unit_none
gtk_unit_points
gtk_unit_inch
gtk_unit_mm
gtk_tree_view_grid_lines_none
gtk_tree_view_grid_lines_horizontal
gtk_tree_view_grid_lines_vertical
gtk_tree_view_grid_lines_both
gtk_size_group_none
gtk_size_group_horizontal
gtk_size_group_vertical
gtk_size_group_both
gtk_size_request_height_for_width
gtk_size_request_width_for_height
gtk_size_request_constant_size
gtk_scroll_minimum
gtk_scroll_natural
gtk_state_flag_normal
gtk_state_flag_active
gtk_state_flag_prelight
gtk_state_flag_selected
gtk_state_flag_insensitive
gtk_state_flag_inconsistent
gtk_state_flag_focused
gtk_state_flag_backdrop
gtk_state_flag_dir_ltr
gtk_state_flag_dir_rtl
gtk_state_flag_link
gtk_state_flag_visited
gtk_state_flag_checked
gtk_state_flag_drop_active
gtk_state_flag_focus_visible
gtk_state_flag_focus_within
gtk_border_style_none
gtk_border_style_hidden
gtk_border_style_solid
gtk_border_style_inset
gtk_border_style_outset
gtk_border_style_dotted
gtk_border_style_dashed
gtk_border_style_double
gtk_border_style_groove
gtk_border_style_ridge
gtk_level_bar_mode_continuous
gtk_level_bar_mode_discrete
gtk_input_purpose_free_form
gtk_input_purpose_alpha
gtk_input_purpose_digits
gtk_input_purpose_number
gtk_input_purpose_phone
gtk_input_purpose_url
gtk_input_purpose_email
gtk_input_purpose_name
gtk_input_purpose_password
gtk_input_purpose_pin
gtk_input_purpose_terminal
gtk_input_hint_none
gtk_input_hint_spellcheck
gtk_input_hint_no_spellcheck
gtk_input_hint_word_completion
gtk_input_hint_lowercase
gtk_input_hint_uppercase_chars
gtk_input_hint_uppercase_words
gtk_input_hint_uppercase_sentences
gtk_input_hint_inhibit_osk
gtk_input_hint_vertical_writing
gtk_input_hint_emoji
gtk_input_hint_no_emoji
gtk_input_hint_private
gtk_phase_none
gtk_phase_capture
gtk_phase_bubble
gtk_phase_target
gtk_limit_none
gtk_limit_same_native
gtk_event_sequence_none
gtk_event_sequence_claimed
gtk_event_sequence_denied
gtk_pan_direction_left
gtk_pan_direction_right
gtk_pan_direction_up
gtk_pan_direction_down
gtk_shortcut_scope_local
gtk_shortcut_scope_managed
gtk_shortcut_scope_global
gtk_popover_constraint_none
gtk_popover_constraint_window
gtk_places_open_normal
gtk_places_open_new_tab
gtk_places_open_new_window
gtk_pick_default
gtk_pick_insensitive
gtk_pick_non_targetable
gtk_constraint_relation_le
gtk_constraint_relation_eq
gtk_constraint_relation_ge
gtk_constraint_strength_required
gtk_constraint_strength_strong
gtk_constraint_strength_medium
gtk_constraint_strength_weak
gtk_constraint_attribute_none
gtk_constraint_attribute_left
gtk_constraint_attribute_right
gtk_constraint_attribute_top
gtk_constraint_attribute_bottom
gtk_constraint_attribute_start
gtk_constraint_attribute_end
gtk_constraint_attribute_width
gtk_constraint_attribute_height
gtk_constraint_attribute_center_x
gtk_constraint_attribute_center_y
gtk_constraint_attribute_baseline
gtk_constraint_vfl_parser_error_invalid_symbol
gtk_constraint_vfl_parser_error_invalid_attribute
gtk_constraint_vfl_parser_error_invalid_view
gtk_constraint_vfl_parser_error_invalid_metric
gtk_constraint_vfl_parser_error_invalid_priority
gtk_constraint_vfl_parser_error_invalid_relation
gtk_system_setting_dpi
gtk_system_setting_font_name
gtk_system_setting_font_config
gtk_system_setting_display
gtk_system_setting_icon_theme
gtk_accessible_role_alert
gtk_accessible_role_alert_dialog
gtk_accessible_role_banner
gtk_accessible_role_button
gtk_accessible_role_caption
gtk_accessible_role_cell
gtk_accessible_role_checkbox
gtk_accessible_role_column_header
gtk_accessible_role_combo_box
gtk_accessible_role_command
gtk_accessible_role_composite
gtk_accessible_role_dialog
gtk_accessible_role_document
gtk_accessible_role_feed
gtk_accessible_role_form
gtk_accessible_role_generic
gtk_accessible_role_grid
gtk_accessible_role_grid_cell
gtk_accessible_role_group
gtk_accessible_role_heading
gtk_accessible_role_img
gtk_accessible_role_input
gtk_accessible_role_label
gtk_accessible_role_landmark
gtk_accessible_role_legend
gtk_accessible_role_link
gtk_accessible_role_list
gtk_accessible_role_list_box
gtk_accessible_role_list_item
gtk_accessible_role_log
gtk_accessible_role_main
gtk_accessible_role_marquee
gtk_accessible_role_math
gtk_accessible_role_meter
gtk_accessible_role_menu
gtk_accessible_role_menu_bar
gtk_accessible_role_menu_item
gtk_accessible_role_menu_item_checkbox
gtk_accessible_role_menu_item_radio
gtk_accessible_role_navigation
gtk_accessible_role_none
gtk_accessible_role_note
gtk_accessible_role_option
gtk_accessible_role_presentation
gtk_accessible_role_progress_bar
gtk_accessible_role_radio
gtk_accessible_role_radio_group
gtk_accessible_role_range
gtk_accessible_role_region
gtk_accessible_role_row
gtk_accessible_role_row_group
gtk_accessible_role_row_header
gtk_accessible_role_scrollbar
gtk_accessible_role_search
gtk_accessible_role_search_box
gtk_accessible_role_section
gtk_accessible_role_section_head
gtk_accessible_role_select
gtk_accessible_role_separator
gtk_accessible_role_slider
gtk_accessible_role_spin_button
gtk_accessible_role_status
gtk_accessible_role_structure
gtk_accessible_role_switch
gtk_accessible_role_tab
gtk_accessible_role_table
gtk_accessible_role_tab_list
gtk_accessible_role_tab_panel
gtk_accessible_role_text_box
gtk_accessible_role_time
gtk_accessible_role_timer
gtk_accessible_role_toolbar
gtk_accessible_role_tooltip
gtk_accessible_role_tree
gtk_accessible_role_tree_grid
gtk_accessible_role_tree_item
gtk_accessible_role_widget
gtk_accessible_role_window
gtk_accessible_state_busy
gtk_accessible_state_checked
gtk_accessible_state_disabled
gtk_accessible_state_expanded
gtk_accessible_state_hidden
gtk_accessible_state_invalid
gtk_accessible_state_pressed
gtk_accessible_state_selected
gtk_accessible_property_autocomplete
gtk_accessible_property_description
gtk_accessible_property_has_popup
gtk_accessible_property_key_shortcuts
gtk_accessible_property_label
gtk_accessible_property_level
gtk_accessible_property_modal
gtk_accessible_property_multi_line
gtk_accessible_property_multi_selectable
gtk_accessible_property_orientation
gtk_accessible_property_placeholder
gtk_accessible_property_read_only
gtk_accessible_property_required
gtk_accessible_property_role_description
gtk_accessible_property_sort
gtk_accessible_property_value_max
gtk_accessible_property_value_min
gtk_accessible_property_value_now
gtk_accessible_property_value_text
gtk_accessible_relation_active_descendant
gtk_accessible_relation_col_count
gtk_accessible_relation_col_index
gtk_accessible_relation_col_index_text
gtk_accessible_relation_col_span
gtk_accessible_relation_controls
gtk_accessible_relation_described_by
gtk_accessible_relation_details
gtk_accessible_relation_error_message
gtk_accessible_relation_flow_to
gtk_accessible_relation_labelled_by
gtk_accessible_relation_owns
gtk_accessible_relation_pos_in_set
gtk_accessible_relation_row_count
gtk_accessible_relation_row_index
gtk_accessible_relation_row_index_text
gtk_accessible_relation_row_span
gtk_accessible_relation_set_size
gtk_accessible_tristate_false
gtk_accessible_tristate_true
gtk_accessible_tristate_mixed
gtk_accessible_invalid_false
gtk_accessible_invalid_true
gtk_accessible_invalid_grammar
gtk_accessible_invalid_spelling
gtk_accessible_autocomplete_none
gtk_accessible_autocomplete_inline
gtk_accessible_autocomplete_list
gtk_accessible_autocomplete_both
gtk_accessible_sort_none
gtk_accessible_sort_ascending
gtk_accessible_sort_descending
gtk_accessible_sort_other
gtk_notebook_tab_first
gtk_notebook_tab_last
gtk_revealer_transition_type_none
gtk_revealer_transition_type_crossfade
gtk_revealer_transition_type_slide_right
gtk_revealer_transition_type_slide_left
gtk_revealer_transition_type_slide_up
gtk_revealer_transition_type_slide_down
gtk_revealer_transition_type_swing_right
gtk_revealer_transition_type_swing_left
gtk_revealer_transition_type_swing_up
gtk_revealer_transition_type_swing_down
gtk_buttons_none
gtk_buttons_ok
gtk_buttons_close
gtk_buttons_cancel
gtk_buttons_yes_no
gtk_buttons_ok_cancel
gtk_print_status_initial
gtk_print_status_preparing
gtk_print_status_generating_data
gtk_print_status_sending_data
gtk_print_status_pending
gtk_print_status_pending_issue
gtk_print_status_printing
gtk_print_status_finished
gtk_print_status_finished_aborted
gtk_print_operation_result_error
gtk_print_operation_result_apply
gtk_print_operation_result_cancel
gtk_print_operation_result_in_progress
gtk_print_operation_action_print_dialog
gtk_print_operation_action_print
gtk_print_operation_action_preview
gtk_print_operation_action_export
gtk_print_error_general
gtk_print_error_internal_error
gtk_print_error_nomem
gtk_print_error_invalid_file
gtk_file_chooser_action_open
gtk_file_chooser_action_save
gtk_file_chooser_action_select_folder
gtk_file_chooser_error_nonexistent
gtk_file_chooser_error_bad_filename
gtk_file_chooser_error_already_exists
gtk_file_chooser_error_incomplete_hostname
gtk_recent_manager_error_not_found
gtk_recent_manager_error_invalid_uri
gtk_recent_manager_error_invalid_encoding
gtk_recent_manager_error_not_registered
gtk_recent_manager_error_read
gtk_recent_manager_error_write
gtk_recent_manager_error_unknown
gtk_editable_prop_text
gtk_editable_prop_cursor_position
gtk_editable_prop_selection_bound
gtk_editable_prop_editable
gtk_editable_prop_width_chars
gtk_editable_prop_max_width_chars
gtk_editable_prop_xalign
gtk_editable_prop_enable_undo
gtk_editable_num_properties
gtk_dialog_modal
gtk_dialog_destroy_with_parent
gtk_dialog_use_header_bar
gtk_response_none
gtk_response_reject
gtk_response_accept
gtk_response_delete_event
gtk_response_ok
gtk_response_cancel
gtk_response_close
gtk_response_yes
gtk_response_no
gtk_response_apply
gtk_response_help
gtk_assistant_page_content
gtk_assistant_page_intro
gtk_assistant_page_confirm
gtk_assistant_page_summary
gtk_assistant_page_progress
gtk_assistant_page_custom
gtk_tree_model_iters_persist
gtk_tree_model_list_only
gtk_tree_view_drop_before
gtk_tree_view_drop_after
gtk_tree_view_drop_into_or_before
gtk_tree_view_drop_into_or_after
gtk_shortcut_accelerator
gtk_shortcut_gesture_pinch
gtk_shortcut_gesture_stretch
gtk_shortcut_gesture_rotate_clockwise
gtk_shortcut_gesture_rotate_counterclockwise
gtk_shortcut_gesture_two_finger_swipe_left
gtk_shortcut_gesture_two_finger_swipe_right
gtk_shortcut_gesture
gtk_shortcut_gesture_swipe_left
gtk_shortcut_gesture_swipe_right
gtk_font_chooser_level_family
gtk_font_chooser_level_style
gtk_font_chooser_level_size
gtk_font_chooser_level_variations
gtk_font_chooser_level_features
gtk_tree_view_column_grow_only
gtk_tree_view_column_autosize
gtk_tree_view_column_fixed
gtk_text_buffer_target_info_buffer_contents
gtk_text_buffer_target_info_rich_text
gtk_text_buffer_target_info_text
gtk_image_empty
gtk_image_icon_name
gtk_image_gicon
gtk_image_paintable
gtk_filter_match_some
gtk_filter_match_none
gtk_filter_match_all
gtk_filter_change_different
gtk_filter_change_less_strict
gtk_filter_change_more_strict
gtk_string_filter_match_mode_exact
gtk_string_filter_match_mode_substring
gtk_string_filter_match_mode_prefix
gtk_entry_icon_primary
gtk_entry_icon_secondary
gtk_css_parser_error_failed
gtk_css_parser_error_syntax
gtk_css_parser_error_import
gtk_css_parser_error_name
gtk_css_parser_error_unknown_value
gtk_css_parser_warning_deprecated
gtk_css_parser_warning_syntax
gtk_css_parser_warning_unimplemented
gtk_print_capability_page_set
gtk_print_capability_copies
gtk_print_capability_collate
gtk_print_capability_reverse
gtk_print_capability_scale
gtk_print_capability_generate_pdf
gtk_print_capability_generate_ps
gtk_print_capability_preview
gtk_print_capability_number_up
gtk_print_capability_number_up_layout
pango_tab_left
pango_attr_invalid
pango_attr_language
pango_attr_family
pango_attr_style
pango_attr_weight
pango_attr_variant
pango_attr_stretch
pango_attr_size
pango_attr_font_desc
pango_attr_foreground
pango_attr_background
pango_attr_underline
pango_attr_strikethrough
pango_attr_rise
pango_attr_shape
pango_attr_scale
pango_attr_fallback
pango_attr_letter_spacing
pango_attr_underline_color
pango_attr_strikethrough_color
pango_attr_absolute_size
pango_attr_gravity
pango_attr_gravity_hint
pango_attr_font_features
pango_attr_foreground_alpha
pango_attr_background_alpha
pango_attr_allow_breaks
pango_attr_show
pango_attr_insert_hyphens
pango_attr_overline
pango_attr_overline_color
pango_underline_none
pango_underline_single
pango_underline_double
pango_underline_low
pango_underline_error
pango_underline_single_line
pango_underline_double_line
pango_underline_error_line
pango_overline_none
pango_overline_single
pango_show_none
pango_show_spaces
pango_show_line_breaks
pango_show_ignorables
pango_direction_ltr
pango_direction_rtl
pango_direction_ttb_ltr
pango_direction_ttb_rtl
pango_direction_weak_ltr
pango_direction_weak_rtl
pango_direction_neutral
pango_bidi_type_l
pango_bidi_type_lre
pango_bidi_type_lro
pango_bidi_type_r
pango_bidi_type_al
pango_bidi_type_rle
pango_bidi_type_rlo
pango_bidi_type_pdf
pango_bidi_type_en
pango_bidi_type_es
pango_bidi_type_et
pango_bidi_type_an
pango_bidi_type_cs
pango_bidi_type_nsm
pango_bidi_type_bn
pango_bidi_type_b
pango_bidi_type_s
pango_bidi_type_ws
pango_bidi_type_on
pango_shape_none
pango_shape_round_positions
pango_script_invalid_code
pango_script_common
pango_script_inherited
pango_script_arabic
pango_script_armenian
pango_script_bengali
pango_script_bopomofo
pango_script_cherokee
pango_script_coptic
pango_script_cyrillic
pango_script_deseret
pango_script_devanagari
pango_script_ethiopic
pango_script_georgian
pango_script_gothic
pango_script_greek
pango_script_gujarati
pango_script_gurmukhi
pango_script_han
pango_script_hangul
pango_script_hebrew
pango_script_hiragana
pango_script_kannada
pango_script_katakana
pango_script_khmer
pango_script_lao
pango_script_latin
pango_script_malayalam
pango_script_mongolian
pango_script_myanmar
pango_script_ogham
pango_script_old_italic
pango_script_oriya
pango_script_runic
pango_script_sinhala
pango_script_syriac
pango_script_tamil
pango_script_telugu
pango_script_thaana
pango_script_thai
pango_script_tibetan
pango_script_canadian_aboriginal
pango_script_yi
pango_script_tagalog
pango_script_hanunoo
pango_script_buhid
pango_script_tagbanwa
pango_script_braille
pango_script_cypriot
pango_script_limbu
pango_script_osmanya
pango_script_shavian
pango_script_linear_b
pango_script_tai_le
pango_script_ugaritic
pango_script_new_tai_lue
pango_script_buginese
pango_script_glagolitic
pango_script_tifinagh
pango_script_syloti_nagri
pango_script_old_persian
pango_script_kharoshthi
pango_script_unknown
pango_script_balinese
pango_script_cuneiform
pango_script_phoenician
pango_script_phags_pa
pango_script_nko
pango_script_kayah_li
pango_script_lepcha
pango_script_rejang
pango_script_sundanese
pango_script_saurashtra
pango_script_cham
pango_script_ol_chiki
pango_script_vai
pango_script_carian
pango_script_lycian
pango_script_lydian
pango_script_batak
pango_script_brahmi
pango_script_mandaic
pango_script_chakma
pango_script_meroitic_cursive
pango_script_meroitic_hieroglyphs
pango_script_miao
pango_script_sharada
pango_script_sora_sompeng
pango_script_takri
pango_script_bassa_vah
pango_script_caucasian_albanian
pango_script_duployan
pango_script_elbasan
pango_script_grantha
pango_script_khojki
pango_script_khudawadi
pango_script_linear_a
pango_script_mahajani
pango_script_manichaean
pango_script_mende_kikakui
pango_script_modi
pango_script_mro
pango_script_nabataean
pango_script_old_north_arabian
pango_script_old_permic
pango_script_pahawh_hmong
pango_script_palmyrene
pango_script_pau_cin_hau
pango_script_psalter_pahlavi
pango_script_siddham
pango_script_tirhuta
pango_script_warang_citi
pango_script_ahom
pango_script_anatolian_hieroglyphs
pango_script_hatran
pango_script_multani
pango_script_old_hungarian
pango_script_signwriting
pango_coverage_none
pango_coverage_fallback
pango_coverage_approximate
pango_coverage_exact
pango_style_normal
pango_style_oblique
pango_style_italic
pango_variant_normal
pango_variant_small_caps
pango_weight_thin
pango_weight_ultralight
pango_weight_light
pango_weight_semilight
pango_weight_book
pango_weight_normal
pango_weight_medium
pango_weight_semibold
pango_weight_bold
pango_weight_ultrabold
pango_weight_heavy
pango_weight_ultraheavy
pango_stretch_ultra_condensed
pango_stretch_extra_condensed
pango_stretch_condensed
pango_stretch_semi_condensed
pango_stretch_normal
pango_stretch_semi_expanded
pango_stretch_expanded
pango_stretch_extra_expanded
pango_stretch_ultra_expanded
pango_font_mask_family
pango_font_mask_style
pango_font_mask_variant
pango_font_mask_weight
pango_font_mask_stretch
pango_font_mask_size
pango_font_mask_gravity
pango_font_mask_variations
pango_gravity_south
pango_gravity_east
pango_gravity_north
pango_gravity_west
pango_gravity_auto
pango_gravity_hint_natural
pango_gravity_hint_strong
pango_gravity_hint_line
pango_render_part_foreground
pango_render_part_background
pango_render_part_underline
pango_render_part_strikethrough
pango_render_part_overline
pango_align_left
pango_align_center
pango_align_right
pango_wrap_word
pango_wrap_char
pango_wrap_word_char
pango_ellipsize_none
pango_ellipsize_start
pango_ellipsize_middle
pango_ellipsize_end
pango_ot_table_gsub
pango_ot_table_gpos
